completed_episodes=128
[Train] global_step=6528
avg_episodic_return=-23.273303985595703
max_episodic_return=-19.501968383789062
avg_episodic_length=51.0

completed_episodes=128
[Train] global_step=13056
avg_episodic_return=-22.436084747314453
max_episodic_return=-18.78753662109375
avg_episodic_length=51.0

completed_episodes=128
[Train] global_step=19584
avg_episodic_return=-19.85245132446289
max_episodic_return=-16.433177947998047
avg_episodic_length=51.0

completed_episodes=128
[Train] global_step=26112
avg_episodic_return=-18.617212295532227
max_episodic_return=-15.543933868408203
avg_episodic_length=51.0

completed_episodes=128
[Train] global_step=32640
avg_episodic_return=-16.785375595092773
max_episodic_return=-13.968290328979492
avg_episodic_length=51.0

completed_episodes=128
[Train] global_step=39168
avg_episodic_return=-16.07533073425293
max_episodic_return=-13.307584762573242
avg_episodic_length=51.0

completed_episodes=128
[Train] global_step=45696
avg_episodic_return=-15.061748504638672
max_episodic_return=-12.529203414916992
avg_episodic_length=51.0

completed_episodes=128
[Train] global_step=52224
avg_episodic_return=-15.106860160827637
max_episodic_return=-12.64893913269043
avg_episodic_length=51.0

completed_episodes=128
[Train] global_step=58752
avg_episodic_return=-15.844537734985352
max_episodic_return=-13.265843391418457
avg_episodic_length=51.0

completed_episodes=128
[Train] global_step=65280
avg_episodic_return=-16.560562133789062
max_episodic_return=-13.769432067871094
avg_episodic_length=51.0

completed_episodes=128
[Train] global_step=71808
avg_episodic_return=-16.064746856689453
max_episodic_return=-13.420968055725098
avg_episodic_length=51.0

completed_episodes=128
[Train] global_step=78336
avg_episodic_return=-15.582247734069824
max_episodic_return=-12.976897239685059
avg_episodic_length=51.0

completed_episodes=128
[Train] global_step=84864
avg_episodic_return=-15.561538696289062
max_episodic_return=-12.833940505981445
avg_episodic_length=51.0

completed_episodes=128
[Train] global_step=91392
avg_episodic_return=-14.973068237304688
max_episodic_return=-12.354583740234375
avg_episodic_length=51.0

completed_episodes=128
[Train] global_step=97920
avg_episodic_return=-14.660440444946289
max_episodic_return=-12.105152130126953
avg_episodic_length=51.0

