completed_episodes=128
[Train] global_step=6528
avg_episodic_return=-8.422751426696777
max_episodic_return=-5.007904052734375
avg_episodic_length=51.0

completed_episodes=128
[Train] global_step=13056
avg_episodic_return=-8.240816116333008
max_episodic_return=-5.398059844970703
avg_episodic_length=51.0

completed_episodes=128
[Train] global_step=19584
avg_episodic_return=-8.400699615478516
max_episodic_return=-5.936830520629883
avg_episodic_length=51.0

completed_episodes=128
[Train] global_step=26112
avg_episodic_return=-9.207672119140625
max_episodic_return=-6.438508987426758
avg_episodic_length=51.0

completed_episodes=128
[Train] global_step=32640
avg_episodic_return=-9.187360763549805
max_episodic_return=-6.36894416809082
avg_episodic_length=51.0

completed_episodes=128
[Train] global_step=39168
avg_episodic_return=-8.807262420654297
max_episodic_return=-6.226907730102539
avg_episodic_length=51.0

completed_episodes=128
[Train] global_step=45696
avg_episodic_return=-9.526511192321777
max_episodic_return=-6.684030532836914
avg_episodic_length=51.0

completed_episodes=128
[Train] global_step=52224
avg_episodic_return=-9.452817916870117
max_episodic_return=-6.555996894836426
avg_episodic_length=51.0

completed_episodes=128
[Train] global_step=58752
avg_episodic_return=-10.404947280883789
max_episodic_return=-7.364551067352295
avg_episodic_length=51.0

completed_episodes=128
[Train] global_step=65280
avg_episodic_return=-10.159391403198242
max_episodic_return=-7.056978702545166
avg_episodic_length=51.0

completed_episodes=128
[Train] global_step=71808
avg_episodic_return=-11.153401374816895
max_episodic_return=-7.796392440795898
avg_episodic_length=51.0

completed_episodes=128
[Train] global_step=78336
avg_episodic_return=-10.68494701385498
max_episodic_return=-7.260066032409668
avg_episodic_length=51.0

completed_episodes=128
[Train] global_step=84864
avg_episodic_return=-11.222227096557617
max_episodic_return=-7.78427267074585
avg_episodic_length=51.0

completed_episodes=128
[Train] global_step=91392
avg_episodic_return=-11.02342700958252
max_episodic_return=-7.6025071144104
avg_episodic_length=51.0

completed_episodes=128
[Train] global_step=97920
avg_episodic_return=-10.90066146850586
max_episodic_return=-7.318058967590332
avg_episodic_length=51.0

