completed_episodes=512
[Train] global_step=10752
avg_episodic_return=-295.105224609375
max_episodic_return=-218.49172973632812
avg_episodic_length=21.0

completed_episodes=512
[Train] global_step=21504
avg_episodic_return=-261.7373046875
max_episodic_return=-193.01263427734375
avg_episodic_length=21.0

completed_episodes=512
[Train] global_step=32256
avg_episodic_return=-313.2566833496094
max_episodic_return=-231.15582275390625
avg_episodic_length=21.0

completed_episodes=512
[Train] global_step=43008
avg_episodic_return=-327.16015625
max_episodic_return=-240.67327880859375
avg_episodic_length=21.0

completed_episodes=512
[Train] global_step=53760
avg_episodic_return=-309.2051696777344
max_episodic_return=-230.7305908203125
avg_episodic_length=21.0

completed_episodes=512
[Train] global_step=64512
avg_episodic_return=-332.09674072265625
max_episodic_return=-245.73214721679688
avg_episodic_length=21.0

completed_episodes=512
[Train] global_step=75264
avg_episodic_return=-330.3279113769531
max_episodic_return=-242.5472869873047
avg_episodic_length=21.0

completed_episodes=512
[Train] global_step=86016
avg_episodic_return=-335.0252380371094
max_episodic_return=-247.05963134765625
avg_episodic_length=21.0

completed_episodes=512
[Train] global_step=96768
avg_episodic_return=-335.55853271484375
max_episodic_return=-249.97743225097656
avg_episodic_length=21.0

completed_episodes=512
[Train] global_step=107520
avg_episodic_return=-338.77825927734375
max_episodic_return=-250.08670043945312
avg_episodic_length=21.0

completed_episodes=512
[Train] global_step=118272
avg_episodic_return=-331.6541748046875
max_episodic_return=-244.63555908203125
avg_episodic_length=21.0

completed_episodes=512
[Train] global_step=129024
avg_episodic_return=-333.27325439453125
max_episodic_return=-249.982177734375
avg_episodic_length=21.0

completed_episodes=512
[Train] global_step=139776
avg_episodic_return=-335.84844970703125
max_episodic_return=-249.70045471191406
avg_episodic_length=21.0

completed_episodes=512
[Train] global_step=150528
avg_episodic_return=-320.61541748046875
max_episodic_return=-240.56336975097656
avg_episodic_length=21.0

completed_episodes=512
[Train] global_step=161280
avg_episodic_return=-338.09832763671875
max_episodic_return=-247.7889404296875
avg_episodic_length=21.0

completed_episodes=512
[Train] global_step=172032
avg_episodic_return=-328.6676330566406
max_episodic_return=-245.30740356445312
avg_episodic_length=21.0

completed_episodes=512
[Train] global_step=182784
avg_episodic_return=-304.00396728515625
max_episodic_return=-226.79904174804688
avg_episodic_length=21.0

completed_episodes=512
[Train] global_step=193536
avg_episodic_return=-317.1178894042969
max_episodic_return=-237.670654296875
avg_episodic_length=21.0

completed_episodes=512
[Train] global_step=204288
avg_episodic_return=-332.71807861328125
max_episodic_return=-246.31320190429688
avg_episodic_length=21.0

completed_episodes=512
[Train] global_step=215040
avg_episodic_return=-325.0322265625
max_episodic_return=-244.08367919921875
avg_episodic_length=21.0

completed_episodes=512
[Train] global_step=225792
avg_episodic_return=-340.9704284667969
max_episodic_return=-255.02755737304688
avg_episodic_length=21.0

completed_episodes=512
[Train] global_step=236544
avg_episodic_return=-329.63909912109375
max_episodic_return=-244.74420166015625
avg_episodic_length=21.0

completed_episodes=512
[Train] global_step=247296
avg_episodic_return=-325.14471435546875
max_episodic_return=-241.49261474609375
avg_episodic_length=21.0

completed_episodes=512
[Train] global_step=258048
avg_episodic_return=-328.134521484375
max_episodic_return=-244.45492553710938
avg_episodic_length=21.0

completed_episodes=512
[Train] global_step=268800
avg_episodic_return=-331.12432861328125
max_episodic_return=-247.0078582763672
avg_episodic_length=21.0

completed_episodes=512
[Train] global_step=279552
avg_episodic_return=-340.2844543457031
max_episodic_return=-253.0674591064453
avg_episodic_length=21.0

completed_episodes=512
[Train] global_step=290304
avg_episodic_return=-337.377197265625
max_episodic_return=-252.81407165527344
avg_episodic_length=21.0

completed_episodes=512
[Train] global_step=301056
avg_episodic_return=-339.48431396484375
max_episodic_return=-255.2698974609375
avg_episodic_length=21.0

completed_episodes=512
[Train] global_step=311808
avg_episodic_return=-331.3446044921875
max_episodic_return=-247.60577392578125
avg_episodic_length=21.0

completed_episodes=512
[Train] global_step=322560
avg_episodic_return=-328.0398254394531
max_episodic_return=-244.1687469482422
avg_episodic_length=21.0

completed_episodes=512
[Train] global_step=333312
avg_episodic_return=-315.3782958984375
max_episodic_return=-236.52061462402344
avg_episodic_length=21.0

completed_episodes=512
[Train] global_step=344064
avg_episodic_return=-342.15692138671875
max_episodic_return=-256.0088195800781
avg_episodic_length=21.0

completed_episodes=512
[Train] global_step=354816
avg_episodic_return=-346.75604248046875
max_episodic_return=-256.7545166015625
avg_episodic_length=21.0

completed_episodes=512
[Train] global_step=365568
avg_episodic_return=-321.238037109375
max_episodic_return=-240.65292358398438
avg_episodic_length=21.0

completed_episodes=512
[Train] global_step=376320
avg_episodic_return=-331.3690185546875
max_episodic_return=-245.90817260742188
avg_episodic_length=21.0

completed_episodes=512
[Train] global_step=387072
avg_episodic_return=-323.35693359375
max_episodic_return=-242.61965942382812
avg_episodic_length=21.0

completed_episodes=512
[Train] global_step=397824
avg_episodic_return=-327.0294189453125
max_episodic_return=-248.03970336914062
avg_episodic_length=21.0

completed_episodes=512
[Train] global_step=408576
avg_episodic_return=-344.51068115234375
max_episodic_return=-255.74771118164062
avg_episodic_length=21.0

completed_episodes=512
[Train] global_step=419328
avg_episodic_return=-356.7810974121094
max_episodic_return=-264.67333984375
avg_episodic_length=21.0

completed_episodes=512
[Train] global_step=430080
avg_episodic_return=-328.5485534667969
max_episodic_return=-244.71524047851562
avg_episodic_length=21.0

completed_episodes=512
[Train] global_step=440832
avg_episodic_return=-350.1471862792969
max_episodic_return=-260.97021484375
avg_episodic_length=21.0

completed_episodes=512
[Train] global_step=451584
avg_episodic_return=-327.91680908203125
max_episodic_return=-244.8941650390625
avg_episodic_length=21.0

completed_episodes=512
[Train] global_step=462336
avg_episodic_return=-327.3717346191406
max_episodic_return=-246.86045837402344
avg_episodic_length=21.0

completed_episodes=512
[Train] global_step=473088
avg_episodic_return=-317.2815246582031
max_episodic_return=-240.25613403320312
avg_episodic_length=21.0

completed_episodes=512
[Train] global_step=483840
avg_episodic_return=-323.99566650390625
max_episodic_return=-241.21913146972656
avg_episodic_length=21.0

completed_episodes=512
[Train] global_step=494592
avg_episodic_return=-340.3582763671875
max_episodic_return=-251.57347106933594
avg_episodic_length=21.0

completed_episodes=512
[Train] global_step=505344
avg_episodic_return=-343.71197509765625
max_episodic_return=-259.0567321777344
avg_episodic_length=21.0

completed_episodes=512
[Train] global_step=516096
avg_episodic_return=-335.65850830078125
max_episodic_return=-250.8623046875
avg_episodic_length=21.0

completed_episodes=512
[Train] global_step=526848
avg_episodic_return=-336.74285888671875
max_episodic_return=-252.15707397460938
avg_episodic_length=21.0

completed_episodes=512
[Train] global_step=537600
avg_episodic_return=-335.88421630859375
max_episodic_return=-254.3014678955078
avg_episodic_length=21.0

completed_episodes=512
[Train] global_step=548352
avg_episodic_return=-328.16650390625
max_episodic_return=-245.47425842285156
avg_episodic_length=21.0

completed_episodes=512
[Train] global_step=559104
avg_episodic_return=-361.10223388671875
max_episodic_return=-268.035400390625
avg_episodic_length=21.0

completed_episodes=512
[Train] global_step=569856
avg_episodic_return=-335.4310607910156
max_episodic_return=-250.33551025390625
avg_episodic_length=21.0

completed_episodes=512
[Train] global_step=580608
avg_episodic_return=-328.0133056640625
max_episodic_return=-244.76473999023438
avg_episodic_length=21.0

completed_episodes=512
[Train] global_step=591360
avg_episodic_return=-347.3343505859375
max_episodic_return=-258.9661865234375
avg_episodic_length=21.0

completed_episodes=512
[Train] global_step=602112
avg_episodic_return=-349.45416259765625
max_episodic_return=-257.0921936035156
avg_episodic_length=21.0

completed_episodes=512
[Train] global_step=612864
avg_episodic_return=-332.14422607421875
max_episodic_return=-249.62142944335938
avg_episodic_length=21.0

completed_episodes=512
[Train] global_step=623616
avg_episodic_return=-343.78582763671875
max_episodic_return=-253.14610290527344
avg_episodic_length=21.0

completed_episodes=512
[Train] global_step=634368
avg_episodic_return=-332.65203857421875
max_episodic_return=-244.21331787109375
avg_episodic_length=21.0

completed_episodes=512
[Train] global_step=645120
avg_episodic_return=-324.76202392578125
max_episodic_return=-242.52951049804688
avg_episodic_length=21.0

completed_episodes=512
[Train] global_step=655872
avg_episodic_return=-343.6014404296875
max_episodic_return=-256.8895263671875
avg_episodic_length=21.0

completed_episodes=512
[Train] global_step=666624
avg_episodic_return=-338.39544677734375
max_episodic_return=-249.39236450195312
avg_episodic_length=21.0

completed_episodes=512
[Train] global_step=677376
avg_episodic_return=-341.65960693359375
max_episodic_return=-256.1875915527344
avg_episodic_length=21.0

completed_episodes=512
[Train] global_step=688128
avg_episodic_return=-340.8021545410156
max_episodic_return=-254.8418426513672
avg_episodic_length=21.0

completed_episodes=512
[Train] global_step=698880
avg_episodic_return=-347.1954040527344
max_episodic_return=-256.79327392578125
avg_episodic_length=21.0

completed_episodes=512
[Train] global_step=709632
avg_episodic_return=-325.03997802734375
max_episodic_return=-241.43112182617188
avg_episodic_length=21.0

completed_episodes=512
[Train] global_step=720384
avg_episodic_return=-352.48846435546875
max_episodic_return=-261.8282470703125
avg_episodic_length=21.0

completed_episodes=512
[Train] global_step=731136
avg_episodic_return=-347.41729736328125
max_episodic_return=-260.0542907714844
avg_episodic_length=21.0

completed_episodes=512
[Train] global_step=741888
avg_episodic_return=-353.10394287109375
max_episodic_return=-259.70166015625
avg_episodic_length=21.0

completed_episodes=512
[Train] global_step=752640
avg_episodic_return=-344.50274658203125
max_episodic_return=-256.7469482421875
avg_episodic_length=21.0

completed_episodes=512
[Train] global_step=763392
avg_episodic_return=-333.9302062988281
max_episodic_return=-250.544921875
avg_episodic_length=21.0

completed_episodes=512
[Train] global_step=774144
avg_episodic_return=-315.122802734375
max_episodic_return=-234.89291381835938
avg_episodic_length=21.0

completed_episodes=512
[Train] global_step=784896
avg_episodic_return=-291.7157897949219
max_episodic_return=-220.8106689453125
avg_episodic_length=21.0

completed_episodes=512
[Train] global_step=795648
avg_episodic_return=-299.3734130859375
max_episodic_return=-221.45535278320312
avg_episodic_length=21.0

completed_episodes=512
[Train] global_step=806400
avg_episodic_return=-345.91644287109375
max_episodic_return=-252.24391174316406
avg_episodic_length=21.0

completed_episodes=512
[Train] global_step=817152
avg_episodic_return=-343.4581298828125
max_episodic_return=-253.23709106445312
avg_episodic_length=21.0

completed_episodes=512
[Train] global_step=827904
avg_episodic_return=-340.95977783203125
max_episodic_return=-252.290771484375
avg_episodic_length=21.0

completed_episodes=512
[Train] global_step=838656
avg_episodic_return=-344.22216796875
max_episodic_return=-261.182861328125
avg_episodic_length=21.0

completed_episodes=512
[Train] global_step=849408
avg_episodic_return=-333.05462646484375
max_episodic_return=-247.2027587890625
avg_episodic_length=21.0

completed_episodes=512
[Train] global_step=860160
avg_episodic_return=-330.52099609375
max_episodic_return=-246.8009033203125
avg_episodic_length=21.0

completed_episodes=512
[Train] global_step=870912
avg_episodic_return=-326.86187744140625
max_episodic_return=-242.5435333251953
avg_episodic_length=21.0

completed_episodes=512
[Train] global_step=881664
avg_episodic_return=-340.4927062988281
max_episodic_return=-254.9699249267578
avg_episodic_length=21.0

completed_episodes=512
[Train] global_step=892416
avg_episodic_return=-320.4208984375
max_episodic_return=-241.79747009277344
avg_episodic_length=21.0

completed_episodes=512
[Train] global_step=903168
avg_episodic_return=-339.49554443359375
max_episodic_return=-256.39959716796875
avg_episodic_length=21.0

completed_episodes=512
[Train] global_step=913920
avg_episodic_return=-323.2720947265625
max_episodic_return=-241.025634765625
avg_episodic_length=21.0

completed_episodes=512
[Train] global_step=924672
avg_episodic_return=-334.26708984375
max_episodic_return=-247.0234375
avg_episodic_length=21.0

completed_episodes=512
[Train] global_step=935424
avg_episodic_return=-334.368896484375
max_episodic_return=-251.1239776611328
avg_episodic_length=21.0

completed_episodes=512
[Train] global_step=946176
avg_episodic_return=-331.890869140625
max_episodic_return=-247.13186645507812
avg_episodic_length=21.0

completed_episodes=512
[Train] global_step=956928
avg_episodic_return=-329.016845703125
max_episodic_return=-245.00137329101562
avg_episodic_length=21.0

completed_episodes=512
[Train] global_step=967680
avg_episodic_return=-324.91546630859375
max_episodic_return=-244.88540649414062
avg_episodic_length=21.0

completed_episodes=512
[Train] global_step=978432
avg_episodic_return=-322.04669189453125
max_episodic_return=-244.37265014648438
avg_episodic_length=21.0

completed_episodes=512
[Train] global_step=989184
avg_episodic_return=-324.987060546875
max_episodic_return=-244.76809692382812
avg_episodic_length=21.0

completed_episodes=512
[Train] global_step=999936
avg_episodic_return=-332.78900146484375
max_episodic_return=-250.76905822753906
avg_episodic_length=21.0

completed_episodes=512
[Train] global_step=1010688
avg_episodic_return=-335.2958679199219
max_episodic_return=-250.70997619628906
avg_episodic_length=21.0

completed_episodes=512
[Train] global_step=1021440
avg_episodic_return=-329.048828125
max_episodic_return=-242.89779663085938
avg_episodic_length=21.0

completed_episodes=512
[Train] global_step=1032192
avg_episodic_return=-345.0426940917969
max_episodic_return=-258.18243408203125
avg_episodic_length=21.0

completed_episodes=512
[Train] global_step=1042944
avg_episodic_return=-336.2817687988281
max_episodic_return=-251.396728515625
avg_episodic_length=21.0

completed_episodes=512
[Train] global_step=1053696
avg_episodic_return=-329.53582763671875
max_episodic_return=-246.74765014648438
avg_episodic_length=21.0

completed_episodes=512
[Train] global_step=1064448
avg_episodic_return=-348.138671875
max_episodic_return=-260.09405517578125
avg_episodic_length=21.0

completed_episodes=512
[Train] global_step=1075200
avg_episodic_return=-324.0164794921875
max_episodic_return=-244.12904357910156
avg_episodic_length=21.0

