completed_episodes=1024
[Train] global_step=21504
avg_episodic_return=14.68018913269043
max_episodic_return=15.777942657470703
avg_episodic_length=21.0

completed_episodes=1024
[Train] global_step=43008
avg_episodic_return=14.949694633483887
max_episodic_return=16.005456924438477
avg_episodic_length=21.0

completed_episodes=1024
[Train] global_step=64512
avg_episodic_return=15.104936599731445
max_episodic_return=16.133411407470703
avg_episodic_length=21.0

completed_episodes=1024
[Train] global_step=86016
avg_episodic_return=15.1689453125
max_episodic_return=16.187971115112305
avg_episodic_length=21.0

completed_episodes=1024
[Train] global_step=107520
avg_episodic_return=15.208597183227539
max_episodic_return=16.230934143066406
avg_episodic_length=21.0

completed_episodes=1024
[Train] global_step=129024
avg_episodic_return=15.371742248535156
max_episodic_return=16.33371925354004
avg_episodic_length=21.0

completed_episodes=1024
[Train] global_step=150528
avg_episodic_return=15.355154037475586
max_episodic_return=16.31558609008789
avg_episodic_length=21.0

completed_episodes=1024
[Train] global_step=172032
avg_episodic_return=15.487388610839844
max_episodic_return=16.419784545898438
avg_episodic_length=21.0

completed_episodes=1024
[Train] global_step=193536
avg_episodic_return=15.572080612182617
max_episodic_return=16.4885196685791
avg_episodic_length=21.0

completed_episodes=1024
[Train] global_step=215040
avg_episodic_return=15.713175773620605
max_episodic_return=16.614261627197266
avg_episodic_length=21.0

completed_episodes=1024
[Train] global_step=236544
avg_episodic_return=15.80050277709961
max_episodic_return=16.6574649810791
avg_episodic_length=21.0

completed_episodes=1024
[Train] global_step=258048
avg_episodic_return=15.740931510925293
max_episodic_return=16.624980926513672
avg_episodic_length=21.0

completed_episodes=1024
[Train] global_step=279552
avg_episodic_return=15.827823638916016
max_episodic_return=16.69985580444336
avg_episodic_length=21.0

completed_episodes=1024
[Train] global_step=301056
avg_episodic_return=15.840401649475098
max_episodic_return=16.70981788635254
avg_episodic_length=21.0

completed_episodes=1024
[Train] global_step=322560
avg_episodic_return=15.854606628417969
max_episodic_return=16.71637725830078
avg_episodic_length=21.0

completed_episodes=1024
[Train] global_step=344064
avg_episodic_return=15.927719116210938
max_episodic_return=16.771242141723633
avg_episodic_length=21.0

completed_episodes=1024
[Train] global_step=365568
avg_episodic_return=15.966934204101562
max_episodic_return=16.82406234741211
avg_episodic_length=21.0

completed_episodes=1024
[Train] global_step=387072
avg_episodic_return=15.930068016052246
max_episodic_return=16.784725189208984
avg_episodic_length=21.0

completed_episodes=1024
[Train] global_step=408576
avg_episodic_return=15.962120056152344
max_episodic_return=16.81351089477539
avg_episodic_length=21.0

completed_episodes=1024
[Train] global_step=430080
avg_episodic_return=15.982515335083008
max_episodic_return=16.820777893066406
avg_episodic_length=21.0

completed_episodes=1024
[Train] global_step=451584
avg_episodic_return=15.962615966796875
max_episodic_return=16.82314682006836
avg_episodic_length=21.0

completed_episodes=1024
[Train] global_step=473088
avg_episodic_return=15.94393539428711
max_episodic_return=16.792095184326172
avg_episodic_length=21.0

completed_episodes=1024
[Train] global_step=494592
avg_episodic_return=15.888313293457031
max_episodic_return=16.746675491333008
avg_episodic_length=21.0

completed_episodes=1024
[Train] global_step=516096
avg_episodic_return=15.905072212219238
max_episodic_return=16.77745246887207
avg_episodic_length=21.0

completed_episodes=1024
[Train] global_step=537600
avg_episodic_return=15.970844268798828
max_episodic_return=16.820720672607422
avg_episodic_length=21.0

completed_episodes=1024
[Train] global_step=559104
avg_episodic_return=15.97496509552002
max_episodic_return=16.818822860717773
avg_episodic_length=21.0

completed_episodes=1024
[Train] global_step=580608
avg_episodic_return=16.006534576416016
max_episodic_return=16.854686737060547
avg_episodic_length=21.0

completed_episodes=1024
[Train] global_step=602112
avg_episodic_return=15.958568572998047
max_episodic_return=16.81660270690918
avg_episodic_length=21.0

completed_episodes=1024
[Train] global_step=623616
avg_episodic_return=16.023117065429688
max_episodic_return=16.85439682006836
avg_episodic_length=21.0

completed_episodes=1024
[Train] global_step=645120
avg_episodic_return=15.990696907043457
max_episodic_return=16.831727981567383
avg_episodic_length=21.0

completed_episodes=1024
[Train] global_step=666624
avg_episodic_return=16.000381469726562
max_episodic_return=16.83889389038086
avg_episodic_length=21.0

completed_episodes=1024
[Train] global_step=688128
avg_episodic_return=16.05398941040039
max_episodic_return=16.881954193115234
avg_episodic_length=21.0

completed_episodes=1024
[Train] global_step=709632
avg_episodic_return=16.057498931884766
max_episodic_return=16.878597259521484
avg_episodic_length=21.0

completed_episodes=1024
[Train] global_step=731136
avg_episodic_return=16.079477310180664
max_episodic_return=16.874509811401367
avg_episodic_length=21.0

completed_episodes=1024
[Train] global_step=752640
avg_episodic_return=16.05889320373535
max_episodic_return=16.87575912475586
avg_episodic_length=21.0

completed_episodes=1024
[Train] global_step=774144
avg_episodic_return=16.097352981567383
max_episodic_return=16.902103424072266
avg_episodic_length=21.0

completed_episodes=1024
[Train] global_step=795648
avg_episodic_return=16.083171844482422
max_episodic_return=16.8995418548584
avg_episodic_length=21.0

completed_episodes=1024
[Train] global_step=817152
avg_episodic_return=16.048133850097656
max_episodic_return=16.85279083251953
avg_episodic_length=21.0

completed_episodes=1024
[Train] global_step=838656
avg_episodic_return=16.087331771850586
max_episodic_return=16.89481544494629
avg_episodic_length=21.0

completed_episodes=1024
[Train] global_step=860160
avg_episodic_return=16.13821792602539
max_episodic_return=16.951765060424805
avg_episodic_length=21.0

completed_episodes=1024
[Train] global_step=881664
avg_episodic_return=16.085792541503906
max_episodic_return=16.889909744262695
avg_episodic_length=21.0

completed_episodes=1024
[Train] global_step=903168
avg_episodic_return=16.113927841186523
max_episodic_return=16.907150268554688
avg_episodic_length=21.0

completed_episodes=1024
[Train] global_step=924672
avg_episodic_return=16.177635192871094
max_episodic_return=16.95367431640625
avg_episodic_length=21.0

completed_episodes=1024
[Train] global_step=946176
avg_episodic_return=16.24947738647461
max_episodic_return=17.01110076904297
avg_episodic_length=21.0

completed_episodes=1024
[Train] global_step=967680
avg_episodic_return=16.234821319580078
max_episodic_return=17.01422882080078
avg_episodic_length=21.0

completed_episodes=1024
[Train] global_step=989184
avg_episodic_return=16.250057220458984
max_episodic_return=17.01568603515625
avg_episodic_length=21.0

completed_episodes=1024
[Train] global_step=1010688
avg_episodic_return=16.237531661987305
max_episodic_return=16.999759674072266
avg_episodic_length=21.0

completed_episodes=1024
[Train] global_step=1032192
avg_episodic_return=16.233089447021484
max_episodic_return=16.99736785888672
avg_episodic_length=21.0

completed_episodes=1024
[Train] global_step=1053696
avg_episodic_return=16.281740188598633
max_episodic_return=17.027416229248047
avg_episodic_length=21.0

completed_episodes=1024
[Train] global_step=1075200
avg_episodic_return=16.300800323486328
max_episodic_return=17.033382415771484
avg_episodic_length=21.0

completed_episodes=1024
[Train] global_step=1096704
avg_episodic_return=16.395328521728516
max_episodic_return=17.0950927734375
avg_episodic_length=21.0

completed_episodes=1024
[Train] global_step=1118208
avg_episodic_return=16.389507293701172
max_episodic_return=17.08041763305664
avg_episodic_length=21.0

completed_episodes=1024
[Train] global_step=1139712
avg_episodic_return=16.490814208984375
max_episodic_return=17.160594940185547
avg_episodic_length=21.0

completed_episodes=1024
[Train] global_step=1161216
avg_episodic_return=16.527273178100586
max_episodic_return=17.195636749267578
avg_episodic_length=21.0

completed_episodes=1024
[Train] global_step=1182720
avg_episodic_return=16.531940460205078
max_episodic_return=17.166597366333008
avg_episodic_length=21.0

completed_episodes=1024
[Train] global_step=1204224
avg_episodic_return=16.568618774414062
max_episodic_return=17.208133697509766
avg_episodic_length=21.0

completed_episodes=1024
[Train] global_step=1225728
avg_episodic_return=16.53931999206543
max_episodic_return=17.17908477783203
avg_episodic_length=21.0

completed_episodes=1024
[Train] global_step=1247232
avg_episodic_return=16.546646118164062
max_episodic_return=17.17630958557129
avg_episodic_length=21.0

completed_episodes=1024
[Train] global_step=1268736
avg_episodic_return=16.643098831176758
max_episodic_return=17.262527465820312
avg_episodic_length=21.0

completed_episodes=1024
[Train] global_step=1290240
avg_episodic_return=16.683856964111328
max_episodic_return=17.28850555419922
avg_episodic_length=21.0

completed_episodes=1024
[Train] global_step=1311744
avg_episodic_return=16.696292877197266
max_episodic_return=17.29654312133789
avg_episodic_length=21.0

completed_episodes=1024
[Train] global_step=1333248
avg_episodic_return=16.729413986206055
max_episodic_return=17.3138370513916
avg_episodic_length=21.0

completed_episodes=1024
[Train] global_step=1354752
avg_episodic_return=16.722888946533203
max_episodic_return=17.30504608154297
avg_episodic_length=21.0

completed_episodes=1024
[Train] global_step=1376256
avg_episodic_return=16.7993106842041
max_episodic_return=17.359779357910156
avg_episodic_length=21.0

completed_episodes=1024
[Train] global_step=1397760
avg_episodic_return=16.77203369140625
max_episodic_return=17.338029861450195
avg_episodic_length=21.0

completed_episodes=1024
[Train] global_step=1419264
avg_episodic_return=16.769161224365234
max_episodic_return=17.332744598388672
avg_episodic_length=21.0

completed_episodes=1024
[Train] global_step=1440768
avg_episodic_return=16.82445526123047
max_episodic_return=17.369531631469727
avg_episodic_length=21.0

completed_episodes=1024
[Train] global_step=1462272
avg_episodic_return=16.874454498291016
max_episodic_return=17.40771484375
avg_episodic_length=21.0

completed_episodes=1024
[Train] global_step=1483776
avg_episodic_return=16.920751571655273
max_episodic_return=17.448551177978516
avg_episodic_length=21.0

completed_episodes=1024
[Train] global_step=1505280
avg_episodic_return=16.907392501831055
max_episodic_return=17.437530517578125
avg_episodic_length=21.0

completed_episodes=1024
[Train] global_step=1526784
avg_episodic_return=16.928842544555664
max_episodic_return=17.45439910888672
avg_episodic_length=21.0

completed_episodes=1024
[Train] global_step=1548288
avg_episodic_return=16.905202865600586
max_episodic_return=17.427947998046875
avg_episodic_length=21.0

completed_episodes=1024
[Train] global_step=1569792
avg_episodic_return=17.005924224853516
max_episodic_return=17.507335662841797
avg_episodic_length=21.0

completed_episodes=1024
[Train] global_step=1591296
avg_episodic_return=16.95334243774414
max_episodic_return=17.465961456298828
avg_episodic_length=21.0

completed_episodes=1024
[Train] global_step=1612800
avg_episodic_return=17.013751983642578
max_episodic_return=17.50672149658203
avg_episodic_length=21.0

completed_episodes=1024
[Train] global_step=1634304
avg_episodic_return=17.048900604248047
max_episodic_return=17.523611068725586
avg_episodic_length=21.0

completed_episodes=1024
[Train] global_step=1655808
avg_episodic_return=17.036235809326172
max_episodic_return=17.52645492553711
avg_episodic_length=21.0

completed_episodes=1024
[Train] global_step=1677312
avg_episodic_return=17.047229766845703
max_episodic_return=17.53838539123535
avg_episodic_length=21.0

completed_episodes=1024
[Train] global_step=1698816
avg_episodic_return=17.106273651123047
max_episodic_return=17.574642181396484
avg_episodic_length=21.0

completed_episodes=1024
[Train] global_step=1720320
avg_episodic_return=17.08340072631836
max_episodic_return=17.54941177368164
avg_episodic_length=21.0

completed_episodes=1024
[Train] global_step=1741824
avg_episodic_return=17.06442642211914
max_episodic_return=17.543800354003906
avg_episodic_length=21.0

completed_episodes=1024
[Train] global_step=1763328
avg_episodic_return=17.066043853759766
max_episodic_return=17.547651290893555
avg_episodic_length=21.0

completed_episodes=1024
[Train] global_step=1784832
avg_episodic_return=17.034255981445312
max_episodic_return=17.510787963867188
avg_episodic_length=21.0

completed_episodes=1024
[Train] global_step=1806336
avg_episodic_return=17.068355560302734
max_episodic_return=17.522686004638672
avg_episodic_length=21.0

completed_episodes=1024
[Train] global_step=1827840
avg_episodic_return=17.119754791259766
max_episodic_return=17.57391929626465
avg_episodic_length=21.0

completed_episodes=1024
[Train] global_step=1849344
avg_episodic_return=17.1311092376709
max_episodic_return=17.57876968383789
avg_episodic_length=21.0

completed_episodes=1024
[Train] global_step=1870848
avg_episodic_return=17.150299072265625
max_episodic_return=17.589086532592773
avg_episodic_length=21.0

completed_episodes=1024
[Train] global_step=1892352
avg_episodic_return=17.211645126342773
max_episodic_return=17.645030975341797
avg_episodic_length=21.0

completed_episodes=1024
[Train] global_step=1913856
avg_episodic_return=17.203262329101562
max_episodic_return=17.626943588256836
avg_episodic_length=21.0

completed_episodes=1024
[Train] global_step=1935360
avg_episodic_return=17.209606170654297
max_episodic_return=17.627805709838867
avg_episodic_length=21.0

completed_episodes=1024
[Train] global_step=1956864
avg_episodic_return=17.234596252441406
max_episodic_return=17.660770416259766
avg_episodic_length=21.0

completed_episodes=1024
[Train] global_step=1978368
avg_episodic_return=17.237112045288086
max_episodic_return=17.655006408691406
avg_episodic_length=21.0

completed_episodes=1024
[Train] global_step=1999872
avg_episodic_return=17.245330810546875
max_episodic_return=17.65574073791504
avg_episodic_length=21.0

completed_episodes=1024
[Train] global_step=2021376
avg_episodic_return=17.27292251586914
max_episodic_return=17.688465118408203
avg_episodic_length=21.0

completed_episodes=1024
[Train] global_step=2042880
avg_episodic_return=17.28880500793457
max_episodic_return=17.69698715209961
avg_episodic_length=21.0

completed_episodes=1024
[Train] global_step=2064384
avg_episodic_return=17.263534545898438
max_episodic_return=17.675508499145508
avg_episodic_length=21.0

completed_episodes=1024
[Train] global_step=2085888
avg_episodic_return=17.28500747680664
max_episodic_return=17.683460235595703
avg_episodic_length=21.0

completed_episodes=1024
[Train] global_step=2107392
avg_episodic_return=17.28640365600586
max_episodic_return=17.694368362426758
avg_episodic_length=21.0

completed_episodes=1024
[Train] global_step=2128896
avg_episodic_return=17.28041648864746
max_episodic_return=17.682790756225586
avg_episodic_length=21.0

completed_episodes=1024
[Train] global_step=2150400
avg_episodic_return=17.32567596435547
max_episodic_return=17.718677520751953
avg_episodic_length=21.0

completed_episodes=1024
[Train] global_step=2171904
avg_episodic_return=17.29343605041504
max_episodic_return=17.702880859375
avg_episodic_length=21.0

completed_episodes=1024
[Train] global_step=2193408
avg_episodic_return=17.34461212158203
max_episodic_return=17.730627059936523
avg_episodic_length=21.0

completed_episodes=1024
[Train] global_step=2214912
avg_episodic_return=17.32817840576172
max_episodic_return=17.716602325439453
avg_episodic_length=21.0

completed_episodes=1024
[Train] global_step=2236416
avg_episodic_return=17.350399017333984
max_episodic_return=17.730804443359375
avg_episodic_length=21.0

completed_episodes=1024
[Train] global_step=2257920
avg_episodic_return=17.368717193603516
max_episodic_return=17.744375228881836
avg_episodic_length=21.0

completed_episodes=1024
[Train] global_step=2279424
avg_episodic_return=17.361339569091797
max_episodic_return=17.730276107788086
avg_episodic_length=21.0

completed_episodes=1024
[Train] global_step=2300928
avg_episodic_return=17.390247344970703
max_episodic_return=17.761165618896484
avg_episodic_length=21.0

completed_episodes=1024
[Train] global_step=2322432
avg_episodic_return=17.40673065185547
max_episodic_return=17.770275115966797
avg_episodic_length=21.0

completed_episodes=1024
[Train] global_step=2343936
avg_episodic_return=17.42026710510254
max_episodic_return=17.782930374145508
avg_episodic_length=21.0

completed_episodes=1024
[Train] global_step=2365440
avg_episodic_return=17.417804718017578
max_episodic_return=17.773902893066406
avg_episodic_length=21.0

completed_episodes=1024
[Train] global_step=2386944
avg_episodic_return=17.428890228271484
max_episodic_return=17.774211883544922
avg_episodic_length=21.0

completed_episodes=1024
[Train] global_step=2408448
avg_episodic_return=17.403636932373047
max_episodic_return=17.75824737548828
avg_episodic_length=21.0

completed_episodes=1024
[Train] global_step=2429952
avg_episodic_return=17.43629264831543
max_episodic_return=17.780593872070312
avg_episodic_length=21.0

completed_episodes=1024
[Train] global_step=2451456
avg_episodic_return=17.44521141052246
max_episodic_return=17.79574966430664
avg_episodic_length=21.0

completed_episodes=1024
[Train] global_step=2472960
avg_episodic_return=17.446531295776367
max_episodic_return=17.784910202026367
avg_episodic_length=21.0

completed_episodes=1024
[Train] global_step=2494464
avg_episodic_return=17.48833656311035
max_episodic_return=17.82919692993164
avg_episodic_length=21.0

completed_episodes=1024
[Train] global_step=2515968
avg_episodic_return=17.458345413208008
max_episodic_return=17.799427032470703
avg_episodic_length=21.0

completed_episodes=1024
[Train] global_step=2537472
avg_episodic_return=17.48568344116211
max_episodic_return=17.811233520507812
avg_episodic_length=21.0

completed_episodes=1024
[Train] global_step=2558976
avg_episodic_return=17.475683212280273
max_episodic_return=17.805410385131836
avg_episodic_length=21.0

completed_episodes=1024
[Train] global_step=2580480
avg_episodic_return=17.489971160888672
max_episodic_return=17.817672729492188
avg_episodic_length=21.0

completed_episodes=1024
[Train] global_step=2601984
avg_episodic_return=17.50837516784668
max_episodic_return=17.84164810180664
avg_episodic_length=21.0

completed_episodes=1024
[Train] global_step=2623488
avg_episodic_return=17.506885528564453
max_episodic_return=17.83572769165039
avg_episodic_length=21.0

completed_episodes=1024
[Train] global_step=2644992
avg_episodic_return=17.490428924560547
max_episodic_return=17.8140869140625
avg_episodic_length=21.0

completed_episodes=1024
[Train] global_step=2666496
avg_episodic_return=17.50337791442871
max_episodic_return=17.83748435974121
avg_episodic_length=21.0

completed_episodes=1024
[Train] global_step=2688000
avg_episodic_return=17.51628875732422
max_episodic_return=17.839641571044922
avg_episodic_length=21.0

completed_episodes=1024
[Train] global_step=2709504
avg_episodic_return=17.530921936035156
max_episodic_return=17.856794357299805
avg_episodic_length=21.0

completed_episodes=1024
[Train] global_step=2731008
avg_episodic_return=17.551082611083984
max_episodic_return=17.871570587158203
avg_episodic_length=21.0

completed_episodes=1024
[Train] global_step=2752512
avg_episodic_return=17.554218292236328
max_episodic_return=17.87213897705078
avg_episodic_length=21.0

completed_episodes=1024
[Train] global_step=2774016
avg_episodic_return=17.560110092163086
max_episodic_return=17.871074676513672
avg_episodic_length=21.0

completed_episodes=1024
[Train] global_step=2795520
avg_episodic_return=17.550382614135742
max_episodic_return=17.866809844970703
avg_episodic_length=21.0

completed_episodes=1024
[Train] global_step=2817024
avg_episodic_return=17.539798736572266
max_episodic_return=17.851741790771484
avg_episodic_length=21.0

completed_episodes=1024
[Train] global_step=2838528
avg_episodic_return=17.577442169189453
max_episodic_return=17.88982391357422
avg_episodic_length=21.0

completed_episodes=1024
[Train] global_step=2860032
avg_episodic_return=17.53175926208496
max_episodic_return=17.84088134765625
avg_episodic_length=21.0

completed_episodes=1024
[Train] global_step=2881536
avg_episodic_return=17.608556747436523
max_episodic_return=17.916297912597656
avg_episodic_length=21.0

completed_episodes=1024
[Train] global_step=2903040
avg_episodic_return=17.604999542236328
max_episodic_return=17.900753021240234
avg_episodic_length=21.0

completed_episodes=1024
[Train] global_step=2924544
avg_episodic_return=17.60091781616211
max_episodic_return=17.902833938598633
avg_episodic_length=21.0

completed_episodes=1024
[Train] global_step=2946048
avg_episodic_return=17.564294815063477
max_episodic_return=17.86721420288086
avg_episodic_length=21.0

completed_episodes=1024
[Train] global_step=2967552
avg_episodic_return=17.595195770263672
max_episodic_return=17.896568298339844
avg_episodic_length=21.0

completed_episodes=1024
[Train] global_step=2989056
avg_episodic_return=17.579914093017578
max_episodic_return=17.87527847290039
avg_episodic_length=21.0

