[Train] global_step=38784
avg_episodic_return=-36.1929817199707
max_episodic_return=-33.19792556762695
avg_episodic_length=101.0

[Train] global_step=77568
avg_episodic_return=-35.727657318115234
max_episodic_return=-32.77619552612305
avg_episodic_length=101.0

[test] episodic_return=-16.091093063354492
avg_episodic_return=-44.02606201171875
max_episodic_return=-16.091093063354492
avg_episodic_length=101.0
rehandle_rate=0.9513888888888888


[Train] global_step=116352
avg_episodic_return=-35.36143493652344
max_episodic_return=-32.361000061035156
avg_episodic_length=101.0

[Train] global_step=155136
avg_episodic_return=-36.24760055541992
max_episodic_return=-33.25746154785156
avg_episodic_length=101.0

[test] episodic_return=-14.532546043395996
avg_episodic_return=-43.29046630859375
max_episodic_return=-14.532546043395996
avg_episodic_length=101.0
rehandle_rate=0.004862236628849271


[Train] global_step=193920
avg_episodic_return=-34.93168640136719
max_episodic_return=-32.06126022338867
avg_episodic_length=101.0

[Train] global_step=232704
avg_episodic_return=-36.19700622558594
max_episodic_return=-33.17531204223633
avg_episodic_length=101.0

[test] episodic_return=-14.13524341583252
avg_episodic_return=-44.900299072265625
max_episodic_return=-14.13524341583252
avg_episodic_length=101.0
rehandle_rate=0.7410071942446043


[Train] global_step=271488
avg_episodic_return=-36.34253692626953
max_episodic_return=-33.32981872558594
avg_episodic_length=101.0

[Train] global_step=310272
avg_episodic_return=-35.82435607910156
max_episodic_return=-32.82023239135742
avg_episodic_length=101.0

[test] episodic_return=-12.761937141418457
avg_episodic_return=-44.450836181640625
max_episodic_return=-12.761937141418457
avg_episodic_length=101.0
rehandle_rate=0.039473684210526314


[Train] global_step=349056
avg_episodic_return=-36.309669494628906
max_episodic_return=-33.16062927246094
avg_episodic_length=101.0

[Train] global_step=387840
avg_episodic_return=-35.40425109863281
max_episodic_return=-32.40023422241211
avg_episodic_length=101.0

[test] episodic_return=-13.851851463317871
avg_episodic_return=-43.8656005859375
max_episodic_return=-13.851851463317871
avg_episodic_length=101.0
rehandle_rate=0.6013071895424836


[Train] global_step=426624
avg_episodic_return=-34.799007415771484
max_episodic_return=-31.819040298461914
avg_episodic_length=101.0

[Train] global_step=465408
avg_episodic_return=-34.10080337524414
max_episodic_return=-31.10054588317871
avg_episodic_length=101.0

[test] episodic_return=-16.1077938079834
avg_episodic_return=-44.33949661254883
max_episodic_return=-16.1077938079834
avg_episodic_length=101.0
rehandle_rate=0.07784431137724551


[Train] global_step=504192
avg_episodic_return=-33.971004486083984
max_episodic_return=-31.06971549987793
avg_episodic_length=101.0

[Train] global_step=542976
avg_episodic_return=-33.799774169921875
max_episodic_return=-30.762441635131836
avg_episodic_length=101.0

[test] episodic_return=-16.69001579284668
avg_episodic_return=-46.02239990234375
max_episodic_return=-16.69001579284668
avg_episodic_length=101.0
rehandle_rate=0.9847328244274809


[Train] global_step=581760
avg_episodic_return=-33.67429733276367
max_episodic_return=-30.695337295532227
avg_episodic_length=101.0

[Train] global_step=620544
avg_episodic_return=-34.295711517333984
max_episodic_return=-31.250595092773438
avg_episodic_length=101.0

[test] episodic_return=-15.51751708984375
avg_episodic_return=-43.743927001953125
max_episodic_return=-15.51751708984375
avg_episodic_length=101.0
rehandle_rate=0.9153846153846154


[Train] global_step=659328
avg_episodic_return=-33.83804702758789
max_episodic_return=-30.841962814331055
avg_episodic_length=101.0

[Train] global_step=698112
avg_episodic_return=-33.289337158203125
max_episodic_return=-30.296493530273438
avg_episodic_length=101.0

[test] episodic_return=-15.40204906463623
avg_episodic_return=-41.40544891357422
max_episodic_return=-15.40204906463623
avg_episodic_length=101.0
rehandle_rate=0.7862068965517242


[Train] global_step=736896
avg_episodic_return=-33.989219665527344
max_episodic_return=-30.997900009155273
avg_episodic_length=101.0

[Train] global_step=775680
avg_episodic_return=-34.47041702270508
max_episodic_return=-31.35503387451172
avg_episodic_length=101.0

[test] episodic_return=-14.936829566955566
avg_episodic_return=-43.21767044067383
max_episodic_return=-14.936829566955566
avg_episodic_length=101.0
rehandle_rate=0.6064516129032258


[Train] global_step=814464
avg_episodic_return=-33.65408706665039
max_episodic_return=-30.54227638244629
avg_episodic_length=101.0

[Train] global_step=853248
avg_episodic_return=-33.75980758666992
max_episodic_return=-30.704057693481445
avg_episodic_length=101.0

[test] episodic_return=-14.600335121154785
avg_episodic_return=-41.17722702026367
max_episodic_return=-14.600335121154785
avg_episodic_length=101.0
rehandle_rate=0.7928571428571428


[Train] global_step=892032
avg_episodic_return=-33.43238067626953
max_episodic_return=-30.373748779296875
avg_episodic_length=101.0

[Train] global_step=930816
avg_episodic_return=-32.821197509765625
max_episodic_return=-29.70676612854004
avg_episodic_length=101.0

[test] episodic_return=-15.141345024108887
avg_episodic_return=-41.38169479370117
max_episodic_return=-15.141345024108887
avg_episodic_length=101.0
rehandle_rate=0.4236111111111111


[Train] global_step=969600
avg_episodic_return=-32.73004913330078
max_episodic_return=-29.525156021118164
avg_episodic_length=101.0

[Train] global_step=1008384
avg_episodic_return=-32.186397552490234
max_episodic_return=-29.158050537109375
avg_episodic_length=101.0

[test] episodic_return=-12.816102027893066
avg_episodic_return=-40.39072036743164
max_episodic_return=-12.816102027893066
avg_episodic_length=101.0
rehandle_rate=0.5202702702702703


[Train] global_step=1047168
avg_episodic_return=-32.851863861083984
max_episodic_return=-29.782766342163086
avg_episodic_length=101.0

[Train] global_step=1085952
avg_episodic_return=-32.0855598449707
max_episodic_return=-29.001157760620117
avg_episodic_length=101.0

[test] episodic_return=-15.67458438873291
avg_episodic_return=-41.24732208251953
max_episodic_return=-15.67458438873291
avg_episodic_length=101.0
rehandle_rate=0.6726190476190477


[Train] global_step=1124736
avg_episodic_return=-31.812347412109375
max_episodic_return=-28.796316146850586
avg_episodic_length=101.0

[Train] global_step=1163520
avg_episodic_return=-31.739831924438477
max_episodic_return=-28.76255989074707
avg_episodic_length=101.0

[test] episodic_return=-15.47924518585205
avg_episodic_return=-41.22920227050781
max_episodic_return=-15.47924518585205
avg_episodic_length=101.0
rehandle_rate=0.020146520146520148


[Train] global_step=1202304
avg_episodic_return=-31.782730102539062
max_episodic_return=-28.798446655273438
avg_episodic_length=101.0

