completed_episodes=512
[Train] global_step=10752
avg_episodic_return=17.537216186523438
max_episodic_return=18.844743728637695
avg_episodic_length=21.0

completed_episodes=512
[Train] global_step=21504
avg_episodic_return=17.245521545410156
max_episodic_return=18.68875503540039
avg_episodic_length=21.0

completed_episodes=512
[Train] global_step=32256
avg_episodic_return=17.366060256958008
max_episodic_return=18.77285385131836
avg_episodic_length=21.0

completed_episodes=512
[Train] global_step=43008
avg_episodic_return=17.505935668945312
max_episodic_return=18.853046417236328
avg_episodic_length=21.0

completed_episodes=512
[Train] global_step=53760
avg_episodic_return=17.399274826049805
max_episodic_return=18.783966064453125
avg_episodic_length=21.0

completed_episodes=512
[Train] global_step=64512
avg_episodic_return=17.35881233215332
max_episodic_return=18.715946197509766
avg_episodic_length=21.0

completed_episodes=512
[Train] global_step=75264
avg_episodic_return=17.406553268432617
max_episodic_return=18.802656173706055
avg_episodic_length=21.0

completed_episodes=512
[Train] global_step=86016
avg_episodic_return=17.473737716674805
max_episodic_return=18.7985897064209
avg_episodic_length=21.0

completed_episodes=512
[Train] global_step=96768
avg_episodic_return=17.43551254272461
max_episodic_return=18.824398040771484
avg_episodic_length=21.0

completed_episodes=512
[Train] global_step=107520
avg_episodic_return=17.41383934020996
max_episodic_return=18.802806854248047
avg_episodic_length=21.0

completed_episodes=512
[Train] global_step=118272
avg_episodic_return=17.315593719482422
max_episodic_return=18.760700225830078
avg_episodic_length=21.0

completed_episodes=512
[Train] global_step=129024
avg_episodic_return=17.26605987548828
max_episodic_return=18.656904220581055
avg_episodic_length=21.0

completed_episodes=512
[Train] global_step=139776
avg_episodic_return=17.349130630493164
max_episodic_return=18.742538452148438
avg_episodic_length=21.0

completed_episodes=512
[Train] global_step=150528
avg_episodic_return=17.37788200378418
max_episodic_return=18.731204986572266
avg_episodic_length=21.0

completed_episodes=512
[Train] global_step=161280
avg_episodic_return=17.1478271484375
max_episodic_return=18.56752586364746
avg_episodic_length=21.0

completed_episodes=512
[Train] global_step=172032
avg_episodic_return=17.239002227783203
max_episodic_return=18.648303985595703
avg_episodic_length=21.0

completed_episodes=512
[Train] global_step=182784
avg_episodic_return=17.141088485717773
max_episodic_return=18.581668853759766
avg_episodic_length=21.0

completed_episodes=512
[Train] global_step=193536
avg_episodic_return=17.224567413330078
max_episodic_return=18.595773696899414
avg_episodic_length=21.0

completed_episodes=512
[Train] global_step=204288
avg_episodic_return=17.377099990844727
max_episodic_return=18.713817596435547
avg_episodic_length=21.0

completed_episodes=512
[Train] global_step=215040
avg_episodic_return=17.331056594848633
max_episodic_return=18.678281784057617
avg_episodic_length=21.0

completed_episodes=512
[Train] global_step=225792
avg_episodic_return=17.237751007080078
max_episodic_return=18.582763671875
avg_episodic_length=21.0

completed_episodes=512
[Train] global_step=236544
avg_episodic_return=17.492877960205078
max_episodic_return=18.72283172607422
avg_episodic_length=21.0

completed_episodes=512
[Train] global_step=247296
avg_episodic_return=17.289356231689453
max_episodic_return=18.65036392211914
avg_episodic_length=21.0

completed_episodes=512
[Train] global_step=258048
avg_episodic_return=17.474937438964844
max_episodic_return=18.770856857299805
avg_episodic_length=21.0

completed_episodes=512
[Train] global_step=268800
avg_episodic_return=17.207670211791992
max_episodic_return=18.566143035888672
avg_episodic_length=21.0

completed_episodes=512
[Train] global_step=279552
avg_episodic_return=17.204265594482422
max_episodic_return=18.583066940307617
avg_episodic_length=21.0

completed_episodes=512
[Train] global_step=290304
avg_episodic_return=17.293672561645508
max_episodic_return=18.597869873046875
avg_episodic_length=21.0

completed_episodes=512
[Train] global_step=301056
avg_episodic_return=17.182086944580078
max_episodic_return=18.608440399169922
avg_episodic_length=21.0

completed_episodes=512
[Train] global_step=311808
avg_episodic_return=17.0592041015625
max_episodic_return=18.51284408569336
avg_episodic_length=21.0

completed_episodes=512
[Train] global_step=322560
avg_episodic_return=17.445144653320312
max_episodic_return=18.75411605834961
avg_episodic_length=21.0

completed_episodes=512
[Train] global_step=333312
avg_episodic_return=17.332366943359375
max_episodic_return=18.694629669189453
avg_episodic_length=21.0

completed_episodes=512
[Train] global_step=344064
avg_episodic_return=17.25994110107422
max_episodic_return=18.63817024230957
avg_episodic_length=21.0

completed_episodes=512
[Train] global_step=354816
avg_episodic_return=17.24045181274414
max_episodic_return=18.609024047851562
avg_episodic_length=21.0

completed_episodes=512
[Train] global_step=365568
avg_episodic_return=17.345535278320312
max_episodic_return=18.67754554748535
avg_episodic_length=21.0

completed_episodes=512
[Train] global_step=376320
avg_episodic_return=17.34360694885254
max_episodic_return=18.72467803955078
avg_episodic_length=21.0

completed_episodes=512
[Train] global_step=387072
avg_episodic_return=17.38872528076172
max_episodic_return=18.762292861938477
avg_episodic_length=21.0

completed_episodes=512
[Train] global_step=397824
avg_episodic_return=17.06395721435547
max_episodic_return=18.479488372802734
avg_episodic_length=21.0

completed_episodes=512
[Train] global_step=408576
avg_episodic_return=17.18502426147461
max_episodic_return=18.580291748046875
avg_episodic_length=21.0

completed_episodes=512
[Train] global_step=419328
avg_episodic_return=17.32573699951172
max_episodic_return=18.696495056152344
avg_episodic_length=21.0

completed_episodes=512
[Train] global_step=430080
avg_episodic_return=17.442485809326172
max_episodic_return=18.809871673583984
avg_episodic_length=21.0

completed_episodes=512
[Train] global_step=440832
avg_episodic_return=17.189849853515625
max_episodic_return=18.606441497802734
avg_episodic_length=21.0

completed_episodes=512
[Train] global_step=451584
avg_episodic_return=17.256622314453125
max_episodic_return=18.675846099853516
avg_episodic_length=21.0

completed_episodes=512
[Train] global_step=462336
avg_episodic_return=17.26088523864746
max_episodic_return=18.66077423095703
avg_episodic_length=21.0

completed_episodes=512
[Train] global_step=473088
avg_episodic_return=17.286914825439453
max_episodic_return=18.714569091796875
avg_episodic_length=21.0

