completed_episodes=128
[Train] global_step=2688
avg_episodic_return=-267.0246276855469
max_episodic_return=-199.63246154785156
avg_episodic_length=21.0

completed_episodes=128
[Train] global_step=5376
avg_episodic_return=-275.4696044921875
max_episodic_return=-202.24603271484375
avg_episodic_length=21.0

completed_episodes=128
[Train] global_step=8064
avg_episodic_return=-292.2204895019531
max_episodic_return=-215.37054443359375
avg_episodic_length=21.0

completed_episodes=128
[Train] global_step=10752
avg_episodic_return=-285.1451416015625
max_episodic_return=-210.55636596679688
avg_episodic_length=21.0

completed_episodes=128
[Train] global_step=13440
avg_episodic_return=-272.90277099609375
max_episodic_return=-197.00112915039062
avg_episodic_length=21.0

completed_episodes=128
[Train] global_step=16128
avg_episodic_return=-337.2093200683594
max_episodic_return=-246.43124389648438
avg_episodic_length=21.0

completed_episodes=128
[Train] global_step=18816
avg_episodic_return=-353.1082763671875
max_episodic_return=-265.97161865234375
avg_episodic_length=21.0

completed_episodes=128
[Train] global_step=21504
avg_episodic_return=-294.6064453125
max_episodic_return=-222.6744384765625
avg_episodic_length=21.0

completed_episodes=128
[Train] global_step=24192
avg_episodic_return=-314.6502685546875
max_episodic_return=-228.03717041015625
avg_episodic_length=21.0

completed_episodes=128
[Train] global_step=26880
avg_episodic_return=-296.10626220703125
max_episodic_return=-223.116943359375
avg_episodic_length=21.0

completed_episodes=128
[Train] global_step=29568
avg_episodic_return=-305.3253173828125
max_episodic_return=-232.40866088867188
avg_episodic_length=21.0

completed_episodes=128
[Train] global_step=32256
avg_episodic_return=-313.8892822265625
max_episodic_return=-234.01513671875
avg_episodic_length=21.0

completed_episodes=128
[Train] global_step=34944
avg_episodic_return=-317.13433837890625
max_episodic_return=-232.8685302734375
avg_episodic_length=21.0

completed_episodes=128
[Train] global_step=37632
avg_episodic_return=-273.19940185546875
max_episodic_return=-214.51376342773438
avg_episodic_length=21.0

completed_episodes=128
[Train] global_step=40320
avg_episodic_return=-280.6561584472656
max_episodic_return=-214.55990600585938
avg_episodic_length=21.0

completed_episodes=128
[Train] global_step=43008
avg_episodic_return=-267.39532470703125
max_episodic_return=-208.30828857421875
avg_episodic_length=21.0

completed_episodes=128
[Train] global_step=45696
avg_episodic_return=-241.13392639160156
max_episodic_return=-189.8047332763672
avg_episodic_length=21.0

completed_episodes=128
[Train] global_step=48384
avg_episodic_return=-234.30691528320312
max_episodic_return=-190.6297607421875
avg_episodic_length=21.0

completed_episodes=128
[Train] global_step=51072
avg_episodic_return=-208.43048095703125
max_episodic_return=-168.5313720703125
avg_episodic_length=21.0

completed_episodes=128
[Train] global_step=53760
avg_episodic_return=-224.94342041015625
max_episodic_return=-181.7251739501953
avg_episodic_length=21.0

completed_episodes=128
[Train] global_step=56448
avg_episodic_return=-217.63507080078125
max_episodic_return=-175.56056213378906
avg_episodic_length=21.0

completed_episodes=128
[Train] global_step=59136
avg_episodic_return=-198.6294708251953
max_episodic_return=-161.2171630859375
avg_episodic_length=21.0

completed_episodes=128
[Train] global_step=61824
avg_episodic_return=-207.65869140625
max_episodic_return=-171.51528930664062
avg_episodic_length=21.0

completed_episodes=128
[Train] global_step=64512
avg_episodic_return=-204.78501892089844
max_episodic_return=-167.2897491455078
avg_episodic_length=21.0

completed_episodes=128
[Train] global_step=67200
avg_episodic_return=-222.25018310546875
max_episodic_return=-178.16964721679688
avg_episodic_length=21.0

completed_episodes=128
[Train] global_step=69888
avg_episodic_return=-194.86563110351562
max_episodic_return=-162.46359252929688
avg_episodic_length=21.0

completed_episodes=128
[Train] global_step=72576
avg_episodic_return=-212.81399536132812
max_episodic_return=-177.71023559570312
avg_episodic_length=21.0

completed_episodes=128
[Train] global_step=75264
avg_episodic_return=-184.67176818847656
max_episodic_return=-158.02316284179688
avg_episodic_length=21.0

completed_episodes=128
[Train] global_step=77952
avg_episodic_return=-186.98220825195312
max_episodic_return=-155.66514587402344
avg_episodic_length=21.0

completed_episodes=128
[Train] global_step=80640
avg_episodic_return=-222.35304260253906
max_episodic_return=-177.8082275390625
avg_episodic_length=21.0

completed_episodes=128
[Train] global_step=83328
avg_episodic_return=-189.13766479492188
max_episodic_return=-161.38174438476562
avg_episodic_length=21.0

completed_episodes=128
[Train] global_step=86016
avg_episodic_return=-209.70474243164062
max_episodic_return=-173.16448974609375
avg_episodic_length=21.0

completed_episodes=128
[Train] global_step=88704
avg_episodic_return=-199.02792358398438
max_episodic_return=-163.0216064453125
avg_episodic_length=21.0

completed_episodes=128
[Train] global_step=91392
avg_episodic_return=-213.5484619140625
max_episodic_return=-174.4344940185547
avg_episodic_length=21.0

completed_episodes=128
[Train] global_step=94080
avg_episodic_return=-207.15789794921875
max_episodic_return=-168.77195739746094
avg_episodic_length=21.0

completed_episodes=128
[Train] global_step=96768
avg_episodic_return=-192.11300659179688
max_episodic_return=-160.350341796875
avg_episodic_length=21.0

completed_episodes=128
[Train] global_step=99456
avg_episodic_return=-207.7005615234375
max_episodic_return=-172.1501007080078
avg_episodic_length=21.0

