completed_episodes=512
[Train] global_step=10752
avg_episodic_return=15.604873657226562
max_episodic_return=17.441068649291992
avg_episodic_length=21.0

completed_episodes=512
[Train] global_step=21504
avg_episodic_return=15.827102661132812
max_episodic_return=17.557205200195312
avg_episodic_length=21.0

completed_episodes=512
[Train] global_step=32256
avg_episodic_return=15.582669258117676
max_episodic_return=17.432147979736328
avg_episodic_length=21.0

completed_episodes=512
[Train] global_step=43008
avg_episodic_return=15.406057357788086
max_episodic_return=17.22699737548828
avg_episodic_length=21.0

completed_episodes=512
[Train] global_step=53760
avg_episodic_return=15.410290718078613
max_episodic_return=17.308500289916992
avg_episodic_length=21.0

completed_episodes=512
[Train] global_step=64512
avg_episodic_return=15.726338386535645
max_episodic_return=17.54146385192871
avg_episodic_length=21.0

completed_episodes=512
[Train] global_step=75264
avg_episodic_return=14.995136260986328
max_episodic_return=16.931575775146484
avg_episodic_length=21.0

completed_episodes=512
[Train] global_step=86016
avg_episodic_return=15.438797950744629
max_episodic_return=17.28306770324707
avg_episodic_length=21.0

completed_episodes=512
[Train] global_step=96768
avg_episodic_return=15.548232078552246
max_episodic_return=17.40215492248535
avg_episodic_length=21.0

completed_episodes=512
[Train] global_step=107520
avg_episodic_return=15.649909019470215
max_episodic_return=17.457170486450195
avg_episodic_length=21.0

completed_episodes=512
[Train] global_step=118272
avg_episodic_return=15.929677963256836
max_episodic_return=17.63264274597168
avg_episodic_length=21.0

completed_episodes=512
[Train] global_step=129024
avg_episodic_return=15.941665649414062
max_episodic_return=17.633583068847656
avg_episodic_length=21.0

completed_episodes=512
[Train] global_step=139776
avg_episodic_return=15.77486801147461
max_episodic_return=17.457252502441406
avg_episodic_length=21.0

completed_episodes=512
[Train] global_step=150528
avg_episodic_return=15.36623764038086
max_episodic_return=17.198503494262695
avg_episodic_length=21.0

completed_episodes=512
[Train] global_step=161280
avg_episodic_return=15.718768119812012
max_episodic_return=17.400314331054688
avg_episodic_length=21.0

completed_episodes=512
[Train] global_step=172032
avg_episodic_return=15.853010177612305
max_episodic_return=17.54610824584961
avg_episodic_length=21.0

completed_episodes=512
[Train] global_step=182784
avg_episodic_return=15.899425506591797
max_episodic_return=17.56426429748535
avg_episodic_length=21.0

completed_episodes=512
[Train] global_step=193536
avg_episodic_return=15.686494827270508
max_episodic_return=17.412826538085938
avg_episodic_length=21.0

completed_episodes=512
[Train] global_step=204288
avg_episodic_return=16.157718658447266
max_episodic_return=17.74622344970703
avg_episodic_length=21.0

completed_episodes=512
[Train] global_step=215040
avg_episodic_return=15.943002700805664
max_episodic_return=17.60694122314453
avg_episodic_length=21.0

completed_episodes=512
[Train] global_step=225792
avg_episodic_return=15.511470794677734
max_episodic_return=17.280467987060547
avg_episodic_length=21.0

completed_episodes=512
[Train] global_step=236544
avg_episodic_return=15.923280715942383
max_episodic_return=17.63802719116211
avg_episodic_length=21.0

completed_episodes=512
[Train] global_step=247296
avg_episodic_return=15.856106758117676
max_episodic_return=17.57818603515625
avg_episodic_length=21.0

completed_episodes=512
[Train] global_step=258048
avg_episodic_return=15.868419647216797
max_episodic_return=17.565216064453125
avg_episodic_length=21.0

completed_episodes=512
[Train] global_step=268800
avg_episodic_return=15.84128475189209
max_episodic_return=17.527692794799805
avg_episodic_length=21.0

completed_episodes=512
[Train] global_step=279552
avg_episodic_return=16.129318237304688
max_episodic_return=17.72127342224121
avg_episodic_length=21.0

completed_episodes=512
[Train] global_step=290304
avg_episodic_return=16.059627532958984
max_episodic_return=17.68016815185547
avg_episodic_length=21.0

completed_episodes=512
[Train] global_step=301056
avg_episodic_return=16.115407943725586
max_episodic_return=17.725250244140625
avg_episodic_length=21.0

completed_episodes=512
[Train] global_step=311808
avg_episodic_return=16.058927536010742
max_episodic_return=17.76041030883789
avg_episodic_length=21.0

completed_episodes=512
[Train] global_step=322560
avg_episodic_return=15.638144493103027
max_episodic_return=17.368831634521484
avg_episodic_length=21.0

completed_episodes=512
[Train] global_step=333312
avg_episodic_return=16.14776611328125
max_episodic_return=17.78263282775879
avg_episodic_length=21.0

completed_episodes=512
[Train] global_step=344064
avg_episodic_return=15.976251602172852
max_episodic_return=17.648611068725586
avg_episodic_length=21.0

completed_episodes=512
[Train] global_step=354816
avg_episodic_return=15.858661651611328
max_episodic_return=17.61782455444336
avg_episodic_length=21.0

completed_episodes=512
[Train] global_step=365568
avg_episodic_return=15.863758087158203
max_episodic_return=17.57273292541504
avg_episodic_length=21.0

completed_episodes=512
[Train] global_step=376320
avg_episodic_return=15.855634689331055
max_episodic_return=17.607807159423828
avg_episodic_length=21.0

completed_episodes=512
[Train] global_step=387072
avg_episodic_return=16.16211700439453
max_episodic_return=17.783336639404297
avg_episodic_length=21.0

completed_episodes=512
[Train] global_step=397824
avg_episodic_return=15.970475196838379
max_episodic_return=17.67839241027832
avg_episodic_length=21.0

completed_episodes=512
[Train] global_step=408576
avg_episodic_return=16.301366806030273
max_episodic_return=17.883394241333008
avg_episodic_length=21.0

completed_episodes=512
[Train] global_step=419328
avg_episodic_return=15.982966423034668
max_episodic_return=17.715763092041016
avg_episodic_length=21.0

completed_episodes=512
[Train] global_step=430080
avg_episodic_return=16.283878326416016
max_episodic_return=17.947818756103516
avg_episodic_length=21.0

completed_episodes=512
[Train] global_step=440832
avg_episodic_return=16.371925354003906
max_episodic_return=17.952186584472656
avg_episodic_length=21.0

completed_episodes=512
[Train] global_step=451584
avg_episodic_return=16.582317352294922
max_episodic_return=18.124340057373047
avg_episodic_length=21.0

completed_episodes=512
[Train] global_step=462336
avg_episodic_return=16.52034568786621
max_episodic_return=18.07718276977539
avg_episodic_length=21.0

completed_episodes=512
[Train] global_step=473088
avg_episodic_return=16.37726402282715
max_episodic_return=17.964679718017578
avg_episodic_length=21.0

completed_episodes=512
[Train] global_step=483840
avg_episodic_return=16.181339263916016
max_episodic_return=17.85211944580078
avg_episodic_length=21.0

completed_episodes=512
[Train] global_step=494592
avg_episodic_return=16.612977981567383
max_episodic_return=18.165929794311523
avg_episodic_length=21.0

completed_episodes=512
[Train] global_step=505344
avg_episodic_return=16.268726348876953
max_episodic_return=17.852291107177734
avg_episodic_length=21.0

completed_episodes=512
[Train] global_step=516096
avg_episodic_return=16.53489112854004
max_episodic_return=18.11522102355957
avg_episodic_length=21.0

completed_episodes=512
[Train] global_step=526848
avg_episodic_return=16.623119354248047
max_episodic_return=18.14841079711914
avg_episodic_length=21.0

completed_episodes=512
[Train] global_step=537600
avg_episodic_return=16.580020904541016
max_episodic_return=18.134830474853516
avg_episodic_length=21.0

completed_episodes=512
[Train] global_step=548352
avg_episodic_return=16.587448120117188
max_episodic_return=18.123998641967773
avg_episodic_length=21.0

completed_episodes=512
[Train] global_step=559104
avg_episodic_return=16.503982543945312
max_episodic_return=18.094058990478516
avg_episodic_length=21.0

completed_episodes=512
[Train] global_step=569856
avg_episodic_return=16.645809173583984
max_episodic_return=18.212200164794922
avg_episodic_length=21.0

completed_episodes=512
[Train] global_step=580608
avg_episodic_return=16.620384216308594
max_episodic_return=18.13143539428711
avg_episodic_length=21.0

completed_episodes=512
[Train] global_step=591360
avg_episodic_return=16.528196334838867
max_episodic_return=18.095218658447266
avg_episodic_length=21.0

completed_episodes=512
[Train] global_step=602112
avg_episodic_return=16.53396987915039
max_episodic_return=18.106792449951172
avg_episodic_length=21.0

completed_episodes=512
[Train] global_step=612864
avg_episodic_return=16.73617172241211
max_episodic_return=18.19806671142578
avg_episodic_length=21.0

completed_episodes=512
[Train] global_step=623616
avg_episodic_return=16.712663650512695
max_episodic_return=18.148155212402344
avg_episodic_length=21.0

completed_episodes=512
[Train] global_step=634368
avg_episodic_return=16.78780174255371
max_episodic_return=18.258098602294922
avg_episodic_length=21.0

completed_episodes=512
[Train] global_step=645120
avg_episodic_return=16.874956130981445
max_episodic_return=18.300390243530273
avg_episodic_length=21.0

completed_episodes=512
[Train] global_step=655872
avg_episodic_return=16.87310028076172
max_episodic_return=18.281536102294922
avg_episodic_length=21.0

completed_episodes=512
[Train] global_step=666624
avg_episodic_return=16.842693328857422
max_episodic_return=18.269123077392578
avg_episodic_length=21.0

