completed_episodes=128
[Train] global_step=2688
avg_episodic_return=16.81744384765625
max_episodic_return=17.410856246948242
avg_episodic_length=21.0

completed_episodes=128
[Train] global_step=5376
avg_episodic_return=16.851699829101562
max_episodic_return=17.419599533081055
avg_episodic_length=21.0

completed_episodes=128
[Train] global_step=8064
avg_episodic_return=16.934829711914062
max_episodic_return=17.50037384033203
avg_episodic_length=21.0

completed_episodes=128
[Train] global_step=10752
avg_episodic_return=16.975845336914062
max_episodic_return=17.516681671142578
avg_episodic_length=21.0

completed_episodes=128
[Train] global_step=13440
avg_episodic_return=16.997127532958984
max_episodic_return=17.56620979309082
avg_episodic_length=21.0

completed_episodes=128
[Train] global_step=16128
avg_episodic_return=16.893199920654297
max_episodic_return=17.477333068847656
avg_episodic_length=21.0

completed_episodes=128
[Train] global_step=18816
avg_episodic_return=16.955059051513672
max_episodic_return=17.502727508544922
avg_episodic_length=21.0

completed_episodes=128
[Train] global_step=21504
avg_episodic_return=16.9326171875
max_episodic_return=17.480743408203125
avg_episodic_length=21.0

completed_episodes=128
[Train] global_step=24192
avg_episodic_return=16.884891510009766
max_episodic_return=17.440771102905273
avg_episodic_length=21.0

completed_episodes=128
[Train] global_step=26880
avg_episodic_return=16.931068420410156
max_episodic_return=17.48513412475586
avg_episodic_length=21.0

completed_episodes=128
[Train] global_step=29568
avg_episodic_return=16.937114715576172
max_episodic_return=17.470130920410156
avg_episodic_length=21.0

completed_episodes=128
[Train] global_step=32256
avg_episodic_return=16.906496047973633
max_episodic_return=17.48148536682129
avg_episodic_length=21.0

completed_episodes=128
[Train] global_step=34944
avg_episodic_return=16.919113159179688
max_episodic_return=17.491626739501953
avg_episodic_length=21.0

completed_episodes=128
[Train] global_step=37632
avg_episodic_return=16.805665969848633
max_episodic_return=17.389705657958984
avg_episodic_length=21.0

completed_episodes=128
[Train] global_step=40320
avg_episodic_return=16.899553298950195
max_episodic_return=17.487205505371094
avg_episodic_length=21.0

completed_episodes=128
[Train] global_step=43008
avg_episodic_return=16.870101928710938
max_episodic_return=17.435653686523438
avg_episodic_length=21.0

completed_episodes=128
[Train] global_step=45696
avg_episodic_return=16.86064910888672
max_episodic_return=17.42845916748047
avg_episodic_length=21.0

completed_episodes=128
[Train] global_step=48384
avg_episodic_return=16.864517211914062
max_episodic_return=17.42070770263672
avg_episodic_length=21.0

completed_episodes=128
[Train] global_step=51072
avg_episodic_return=16.877771377563477
max_episodic_return=17.434059143066406
avg_episodic_length=21.0

completed_episodes=128
[Train] global_step=53760
avg_episodic_return=16.915185928344727
max_episodic_return=17.44801139831543
avg_episodic_length=21.0

completed_episodes=128
[Train] global_step=56448
avg_episodic_return=16.888324737548828
max_episodic_return=17.454374313354492
avg_episodic_length=21.0

completed_episodes=128
[Train] global_step=59136
avg_episodic_return=16.876447677612305
max_episodic_return=17.42557144165039
avg_episodic_length=21.0

completed_episodes=128
[Train] global_step=61824
avg_episodic_return=16.88919448852539
max_episodic_return=17.45720672607422
avg_episodic_length=21.0

completed_episodes=128
[Train] global_step=64512
avg_episodic_return=16.89828872680664
max_episodic_return=17.432865142822266
avg_episodic_length=21.0

completed_episodes=128
[Train] global_step=67200
avg_episodic_return=16.87664031982422
max_episodic_return=17.42266845703125
avg_episodic_length=21.0

completed_episodes=128
[Train] global_step=69888
avg_episodic_return=16.892864227294922
max_episodic_return=17.46648597717285
avg_episodic_length=21.0

completed_episodes=128
[Train] global_step=72576
avg_episodic_return=16.815982818603516
max_episodic_return=17.411869049072266
avg_episodic_length=21.0

completed_episodes=128
[Train] global_step=75264
avg_episodic_return=16.881877899169922
max_episodic_return=17.422664642333984
avg_episodic_length=21.0

completed_episodes=128
[Train] global_step=77952
avg_episodic_return=16.887826919555664
max_episodic_return=17.459333419799805
avg_episodic_length=21.0

completed_episodes=128
[Train] global_step=80640
avg_episodic_return=16.878934860229492
max_episodic_return=17.431995391845703
avg_episodic_length=21.0

completed_episodes=128
[Train] global_step=83328
avg_episodic_return=16.919902801513672
max_episodic_return=17.466442108154297
avg_episodic_length=21.0

completed_episodes=128
[Train] global_step=86016
avg_episodic_return=16.86235237121582
max_episodic_return=17.40929412841797
avg_episodic_length=21.0

completed_episodes=128
[Train] global_step=88704
avg_episodic_return=16.89361572265625
max_episodic_return=17.44976806640625
avg_episodic_length=21.0

completed_episodes=128
[Train] global_step=91392
avg_episodic_return=16.880756378173828
max_episodic_return=17.4353084564209
avg_episodic_length=21.0

completed_episodes=128
[Train] global_step=94080
avg_episodic_return=16.870487213134766
max_episodic_return=17.427051544189453
avg_episodic_length=21.0

completed_episodes=128
[Train] global_step=96768
avg_episodic_return=16.83060073852539
max_episodic_return=17.4116268157959
avg_episodic_length=21.0

completed_episodes=128
[Train] global_step=99456
avg_episodic_return=16.81326675415039
max_episodic_return=17.36992073059082
avg_episodic_length=21.0

