[Train] global_step=26112
avg_episodic_return=-0.4747101068496704
max_episodic_return=-0.4593844413757324
avg_episodic_length=51.0

[Train] global_step=52224
avg_episodic_return=-0.4760510325431824
max_episodic_return=-0.4604966342449188
avg_episodic_length=51.0

[Train] global_step=78336
avg_episodic_return=-0.47833067178726196
max_episodic_return=-0.4623606503009796
avg_episodic_length=51.0

[Train] global_step=104448
avg_episodic_return=-0.47764337062835693
max_episodic_return=-0.4618111252784729
avg_episodic_length=51.0

[Train] global_step=130560
avg_episodic_return=-0.4754432439804077
max_episodic_return=-0.45926180481910706
avg_episodic_length=51.0

[Train] global_step=156672
avg_episodic_return=-0.47618985176086426
max_episodic_return=-0.46071088314056396
avg_episodic_length=51.0

[Train] global_step=182784
avg_episodic_return=-0.47708892822265625
max_episodic_return=-0.46127596497535706
avg_episodic_length=51.0

[Train] global_step=208896
avg_episodic_return=-0.4779629409313202
max_episodic_return=-0.46207141876220703
avg_episodic_length=51.0

[Train] global_step=235008
avg_episodic_return=-0.4764525294303894
max_episodic_return=-0.4608937203884125
avg_episodic_length=51.0

[Train] global_step=261120
avg_episodic_return=-0.47542262077331543
max_episodic_return=-0.45989689230918884
avg_episodic_length=51.0

--------------------------------------------[test] episodic_return=-0.4465220365906134
avg_episodic_return=-0.4534469877042808
max_episodic_return=-0.4465220365906134
avg_episodic_length=51.0
rehandle_rate=0.6470588235294118
tau=0.10832025117739401
rho=0.1947943345852753
--------------------------------------------

[Train] global_step=287232
avg_episodic_return=-0.4742686152458191
max_episodic_return=-0.4587128758430481
avg_episodic_length=51.0

[Train] global_step=313344
avg_episodic_return=-0.47471004724502563
max_episodic_return=-0.4588507115840912
avg_episodic_length=51.0

[Train] global_step=339456
avg_episodic_return=-0.4727073311805725
max_episodic_return=-0.4576530456542969
avg_episodic_length=51.0

[Train] global_step=365568
avg_episodic_return=-0.4722876250743866
max_episodic_return=-0.4565865397453308
avg_episodic_length=51.0

[Train] global_step=391680
avg_episodic_return=-0.47115397453308105
max_episodic_return=-0.45541417598724365
avg_episodic_length=51.0

[Train] global_step=417792
avg_episodic_return=-0.46835848689079285
max_episodic_return=-0.452836811542511
avg_episodic_length=51.0

[Train] global_step=443904
avg_episodic_return=-0.469398558139801
max_episodic_return=-0.4538552463054657
avg_episodic_length=51.0

[Train] global_step=470016
avg_episodic_return=-0.468957781791687
max_episodic_return=-0.45333558320999146
avg_episodic_length=51.0

[Train] global_step=496128
avg_episodic_return=-0.4650248885154724
max_episodic_return=-0.4498840570449829
avg_episodic_length=51.0

[Train] global_step=522240
avg_episodic_return=-0.4659953713417053
max_episodic_return=-0.4508293867111206
avg_episodic_length=51.0

--------------------------------------------[test] episodic_return=-0.44242000302765516
avg_episodic_return=-0.44923710396746175
max_episodic_return=-0.44242000302765516
avg_episodic_length=51.0
rehandle_rate=0.5813953488372093
tau=0.2072213500784929
rho=0.2358767365039142
--------------------------------------------

[Train] global_step=548352
avg_episodic_return=-0.4636133313179016
max_episodic_return=-0.44894009828567505
avg_episodic_length=51.0

[Train] global_step=574464
avg_episodic_return=-0.4639861583709717
max_episodic_return=-0.44887441396713257
avg_episodic_length=51.0

[Train] global_step=600576
avg_episodic_return=-0.46214669942855835
max_episodic_return=-0.44719117879867554
avg_episodic_length=51.0

[Train] global_step=626688
avg_episodic_return=-0.4616956114768982
max_episodic_return=-0.4469507932662964
avg_episodic_length=51.0

[Train] global_step=652800
avg_episodic_return=-0.4627108573913574
max_episodic_return=-0.44822853803634644
avg_episodic_length=51.0

[Train] global_step=678912
avg_episodic_return=-0.461403489112854
max_episodic_return=-0.4470878839492798
avg_episodic_length=51.0

[Train] global_step=705024
avg_episodic_return=-0.45868510007858276
max_episodic_return=-0.44441622495651245
avg_episodic_length=51.0

[Train] global_step=731136
avg_episodic_return=-0.4575262665748596
max_episodic_return=-0.44336700439453125
avg_episodic_length=51.0

[Train] global_step=757248
avg_episodic_return=-0.45569390058517456
max_episodic_return=-0.4418407678604126
avg_episodic_length=51.0

[Train] global_step=783360
avg_episodic_return=-0.4574912488460541
max_episodic_return=-0.44331103563308716
avg_episodic_length=51.0

--------------------------------------------[test] episodic_return=-0.4316792578389868
avg_episodic_return=-0.4382907922060229
max_episodic_return=-0.4316792578389868
avg_episodic_length=51.0
rehandle_rate=0.5657894736842105
tau=-0.15384615384615383
rho=0.26665640979229827
--------------------------------------------

[Train] global_step=809472
avg_episodic_return=-0.45767128467559814
max_episodic_return=-0.4437614679336548
avg_episodic_length=51.0

[Train] global_step=835584
avg_episodic_return=-0.4568392336368561
max_episodic_return=-0.44276997447013855
avg_episodic_length=51.0

[Train] global_step=861696
avg_episodic_return=-0.4571773409843445
max_episodic_return=-0.4440007209777832
avg_episodic_length=51.0

[Train] global_step=887808
avg_episodic_return=-0.4539439380168915
max_episodic_return=-0.4402826428413391
avg_episodic_length=51.0

[Train] global_step=913920
avg_episodic_return=-0.4521106779575348
max_episodic_return=-0.4386917054653168
avg_episodic_length=51.0

[Train] global_step=940032
avg_episodic_return=-0.45278552174568176
max_episodic_return=-0.4399873614311218
avg_episodic_length=51.0

[Train] global_step=966144
avg_episodic_return=-0.45383888483047485
max_episodic_return=-0.4408743977546692
avg_episodic_length=51.0

[Train] global_step=992256
avg_episodic_return=-0.45235633850097656
max_episodic_return=-0.4395747184753418
avg_episodic_length=51.0

[Train] global_step=1018368
avg_episodic_return=-0.45106130838394165
max_episodic_return=-0.43856146931648254
avg_episodic_length=51.0

